<?xml version="1.0" encoding="UTF-8"?>
<!-- Generated by org.testng.reporters.JUnitReportReporter -->
<testsuite hostname="Asplap2127" failures="0" tests="2" name="pack.google" time="2.568" errors="0" timestamp="2024-11-29T12:13:32 IST" skipped="0">
  <testcase classname="pack.google" name="Browser_Launch" time="1.036"/>
  <testcase classname="pack.google" name="Open_Google" time="1.532"/>
</testsuite> <!-- pack.google -->
